Name data loaded!
Success creating pipe: Namerequest
Success creating pipe: Namereply
Message: WORD : HOPE
0  But that I hope some good conceit of thine
1  But hope of orphans, and unfathered fruit,
2  But if thou catch thy hope turn back to me:
3  COUNTESS. What hope is there of his Majesty's amendment?
4    advantage in the process but only the losing of hope by time.
5  CLOWN. I am out o' friends, madam, and I hope to have friends for
6    Where hope is coldest, and despair most fits.
7    But never hope to know why I should marry her.
8  LAFEU. But I hope your lordship thinks not him a soldier.
9    He will return; and hope I may that she,
10    threatens them. I hope I need not to advise you further; but I
11    hope your own grace will keep you where you are, though there
12  WIDOW. I hope so. Look, here comes a pilgrim. I know she will lie
13    A wife of me, though there my hope be done.
14  PAROLLES. And truly, as I hope to live.
15    rogues, upon my reputation and credit, and as I hope to live.
16  COUNTESS. It rejoices me that I hope I shall see him ere I die.
17    Thus speaks of him at Rome; but I will hope
18    My powers are crescent, and my auguring hope
19  MENAS. I cannot hope
20  POMPEY. I hope so, Lepidus. Thus we are agreed.
21    There's hope in't yet.
22    I hope well of to-morrow, and will lead you
23    Our navy thrive, I have an absolute hope
24    His fretted fortunes give him hope and fear
25    hope I shall see an end of him; for my soul, yet I know not why,
26    his ribs, that there is little hope of life in him. So he serv'd
27    In the which hope I blush, and hide my sword.
28    now, if thou wert a poet, I might have some hope thou didst
29    No faith, proud mistress, hope not after it;
30  ORLANDO. I hope so.
31  AUDREY. I do desire it with all my heart; and I hope it is no
32  Of whom I hope to make much benefit;
33ANTIPHOLUS OF EPHESUS. An if I have not, sir, I hope you have;
34  I hope you do not mean to cheat me so.
35  I hope I shall have leisure to make good;
36  BRUTUS. Sir, I hope
37  THIRD CITIZEN. YOU MUST think, if we give you anything, we hope to
38  FIFTH CITIZEN. We hope to find you our friend; and therefore give
39    are in a most warlike preparation, and hope to come upon them in
40    wars for my money. I hope to see Romans as cheap as Volscians.
41    So that all hope is vain,
42    finger, there is some hope the ladies of Rome, especially his
43    mother, may prevail with him. But I say there is no hope in't;
44  IMOGEN. Is he dispos'd to mirth? I hope he is.
45    I hope it be not gone to tell my lord
46  IMOGEN. I hope so. Go and search.                 Exit PISANIO
47  POSTHUMUS. I hope the briefness of your answer made
48    Your loss your sport. I hope you know that we
49    And so I hope he came by't. Back my ring.
50    This bloody man, the care on't. I hope I dream;
51    No harm by it, though the gods hear, I hope
52    The hope of comfort. But for thee, fellow,
53  GUIDERIUS. Nay, what hope
54    Of Hamlet's wildness. So shall I hope your virtues
55  Player. I hope we have reform'd that indifferently with us, sir.
56    For what advancement may I hope from thee,
57    yet? Then there's hope a great man's memory may outlive his life
58  Oph. I hope all will be well. We must be patient; but I cannot
59    plague on my bringing up! I hope I shall as soon be strangled
60    The hope and expectation of thy time
61    We may boldly spend upon the hope of what
62  Arch. I hope no less, yet needful 'tis to fear;
63    was sick; I hope your lordship goes abroad by advice. Your
64  FALSTAFF. Not so, my lord. Your ill angel is light; but  hope he
65    And our supplies live largely in the hope
66    Hope gives not so much warrant, as despair
67    I hope you'll come to supper. you'll pay me all together?
68  BROTHERS. We hope no otherwise from your Majesty.
69  DAVY. I hope to see London once ere I die.
70  KING HENRY. We hope to make the sender blush at it.
71  GLOUCESTER. I hope they will not come upon us now.
72    For the best hope I have. O, do not wish one more!
73    what an arrant, rascally, beggarly, lousy knave it is; I hope
74    If we have entrance, as I hope we shall,
75  PUCELLE. Brave Burgundy, undoubted hope of France!
76    From thence to England, where I hope ere long
77    There is no hope that ever I will stay
78    No hope to have redress? My body shall
79    Will answer our hope in issue of a king;
80    Such fierce alarums both of hope and fear,
81    With hope to find the like event in love
82    For were there hope to conquer them again
83    Cold news for me, for I had hope of France,
84    To be the post, in hope of his reward.
85    When such strings jar, what hope of harmony?
86  YORK. [Aside] Cold news for me; for I had hope of France
87    As firmly as I hope for fertile England.
88  KING HENRY. My Lord of Gloucester, 'tis my special hope
89    For, being green, there is great hope of help.
90    O'er whom, in time to come, I hope to reign;
91  SAY. Ay, but I hope your Highness shall have his.
92  QUEEN. My hope is gone, now Suffolk is deceas'd.
93    Which makes me hope you are not void of pity.
94  NORFOLK. Such hope have all the line of John of Gaunt!
95  RICHARD. Thus do I hope to shake King Henry's head.
96  CLIFFORD. The hope thereof makes Clifford mourn in steel.
97    And in that hope I throw mine eyes to heaven,
98    And stood against them as the hope of Troy
99    And we in them no hope to win the day;
100  WARWICK. How now, my lord. What hap? What hope of good?
101  GEORGE. Our hap is lost, our hope but sad despair;
102    For yet is hope of life and victory.
103    And if thou fail us, all our hope is done.
104  QUEEN MARGARET. [Aside] If that go forward, Henry's hope is done.
105    I hope all's for the best.
106    And by the hope I have of heavenly bliss,
107  BONA. Tell him, in hope he'll prove a widower shortly,
108    'Tell him, in hope he'll prove a widower shortly,
109  QUEEN ELIZABETH. Till then, fair hope must hinder life's decay.
110    Did glad my heart with hope of this young Richmond,
111    Their money out of hope they may believe
112    For further life in this world I ne'er hope
113    The action of good women; there is hope
114    Never to hope again.
115  WOLSEY. I hope I have. I am able now, methinks,
116    The image of his Maker, hope to win by it?
117    I hope she will deserve well-and a little
118  CRANMER. I hope I am not too late; and yet the gentleman
119    Let me ne'er hope to see a chine again;
120    to her succour, which were the hope o' th' Strand, where
121  EXECUTIONER. I hope your warrant will bear out the deed.
122    As to my ample hope was promised
123    Upon this hope that you shall give me reasons
124  Edm. It is his hand, my lord; but I hope his heart is not in the
125  Reg. I pray you, sir, take patience. I have hope
126  Lear. Who stock'd my servant? Regan, I have good hope
127    Which I hope well is not enrolled there;
128    The which I hope is not enrolled there;
129    Which I hope well is not enrolled there.
130  BEROWNE. How low soever the matter, I hope in God for high words.
131  LONGAVILLE. A high hope for a low heaven. God grant us patience!
132  COSTARD. Well, sir, I hope when I do it I shall do it on a full
133    I hope it is not so.
134  COSTARD. 'Tis not so much worth; but I hope I was perfect.
135    [Aside to Banquo] Do you not hope your children shall be kings,
136  LADY MACBETH. Was the hope drunk
137    Thy hope ends here!
138  MALCOLM. Cousins, I hope the days are near at hand
139    I have great hope in that; for in her youth
140    In hand, and hope of action; but we do learn,
141    To make him an example. All hope is gone,
142  POMPEY. Why, very well; I hope here be truths. He, sir, sitting, as
143  POMPEY. Why, very well then; I hope here be truths.
144  DUKE. So, then you hope of pardon from Lord Angelo?
145    I have hope to Eve, and am prepar'd to die.
146  DUKE. O, you hope the Duke will return no more; or you imagine me
147    I hope it is some pardon or reprieve
148    I hope you will not mock me with a husband.
149    better than a beast. An the worst fall that ever fell, I hope I
150    me wrong, doth cause me, as my father, being I hope an old man,
151    Do it in hope of fair advantages.
152    damn'd. There is but one hope in it that can do you any good, and
153  JESSICA. And what hope is that, I pray thee?
154  LAUNCELOT. Marry, you may partly hope that your father got you not-
155  JESSICA. That were a kind of bastard hope indeed; so the sins of my
156  DUKE OF VENICE. How shalt thou hope for mercy, rend'ring none?
157    hot venison pasty to dinner; come, gentlemen, I hope we
158    have more occasion to know one another. I hope upon
159  FORD. Well, I hope it be not so.
160  PISTOL. Hope is a curtal dog in some affairs.
161  SLENDER. I hope I have your good will, father Page.
162  FIRST SERVANT. I hope not; I had lief as bear so much lead.
163    the third time; I hope good luck lies in odd numbers.
164    Pyramus; I hope she will be brief.
165    December. But I hope you have no intent to turn husband, have
166  Leon. Well, niece, I hope to see you one day fitted with a husband.
167  Claud. I hope he be in love.
168  Dog. Write down that they hope they serve God; and write God first,
169    of quality- I hope to be saved.
170    I hope you will consider what is spoke
171    lord on his behalf and hope all will be well.
172  DESDEMONA. I hope my noble lord esteems me honest.
173  DESDEMONA. If you say so, I hope you will not kill me.
174    Your Grace's pardon; and I hope I had it.
175    I hope the King is not yet shipp'd for Ireland.
176  QUEEN. Why hopest thou so? 'Tis better hope he is;
177    Then wherefore dost thou hope he is not shipp'd?
178    And driven into despair an enemy's hope
179    Which false hope lingers in extremity.
180    But theirs is sweet'ned with the hope to have
181    And hope to joy is little less in joy
182    Than hope enjoy'd. By this the weary lords
183    To ear the land that hath some hope to grow,
184  ANNE. I hope so.
185  SECOND MURDERER. Nay, I prithee, stay a little. I hope this
186    I charge you, as you hope to have redemption
187  GLOUCESTER. I hope the King made peace with all of us;
188  SECOND CITIZEN. In him there is a hope of government,
189    I hope he is much grown since last I saw him.
190  DUCHESS. I hope he is; but yet let mothers doubt.
191  PRINCE. An if they live, I hope I need not fear.
192    Who builds his hope in air of your good looks
193    True hope is swift and flies with swallow's wings;
194    [To RICHMOND]  I died for hope ere I could lend thee aid;
195    For then I hope thou wilt not keep him long
196    And then I hope thou wilt be satisfied.
197    I hope this reason stands for my excuse.
198    And I do hope good days and long to see.
199    Though Paris came in hope to speed alone.
200    So shall you quietly enjoy your hope
201    And 'tis my hope to end successfully.
202  PETRUCHIO. Why, how now, Kate, I hope thou art not mad!
203  BIONDELLO. I hope I may choose, sir.
204    Out of hope of all but my share of the feast.           Exit
205  PETRUCHIO. I hope better.
206  SEBASTIAN. I have no hope
207    What great hope have you! No hope that way is
208    What great hope have you! No hope that way is
209    But art thou not drown'd, Stephano? I hope now thou are
210  FERDINAND. As I hope
211    Where I have hope to see the nuptial
212    now. Commend me bountifully to his good lordship, and I hope his
213    I hope it is not so low with him as he made it seem in the trial
214  FIRST LORD. I hope it remains not unkindly with your lordship that
215  TIMON. If I hope well, I'll never see thee more.
216    Either in hope or present, I'd exchange
217  SECOND SENATOR. Our hope in him is dead. Let us return
218    Then, madam, stand resolv'd, but hope withal
219    But hope to pluck a dainty doe to ground.             Exeunt
220    And with that painted hope braves your mightiness;
221    The hope of Rome; for so he bid me say;
222    In hope thyself should govern Rome and me.
223    The ample proposition that hope makes
224  SERVANT. I hope I shall know your honour better.
225    A second hope as fairly built as Hector.
226    Hope of revenge shall hide our inward woe.
227    Courage and hope both teaching him the practice-
228  SIR TOBY. Excellent; it hangs like flax on a distaff, and I hope to
229    our souls! He may have mercy upon mine; but my hope is better,
230    Did I redeem; a wreck past hope he was.
231    Which I have wond'red at. In hope it shall not,
232    Hope is a lover's staff; walk hence with that,
233  PROTEUS..I hope thou wilt.  [To LAUNCE]  How now, you whoreson
234    I hope my master's suit will be but cold,
235  AUTOLYCUS. I hope so, sir; for I have about me many parcels of
236    To miseries enough; no hope to help you,
237    Wherein my hope is I shall so prevail
238    hope I shall not be flay'd out of it.
239    one would speak to her and stand in hope of answer- thither with
240    Gave hope thou wast in being, have preserv'd
241are removed.  Of course, we hope that you will support the Project
